[26-Dec-2024 14:59:22 UTC] PHP Warning:  require(/home/bankkalsel/staging.bankkalsel.web.id/backend/public/../vendor/autoload.php): Failed to open stream: No such file or directory in /home/bankkalsel/staging.bankkalsel.web.id/backend/public/index.php on line 13
[26-Dec-2024 14:59:22 UTC] PHP Warning:  require(/home/bankkalsel/staging.bankkalsel.web.id/backend/public/../vendor/autoload.php): Failed to open stream: No such file or directory in /home/bankkalsel/staging.bankkalsel.web.id/backend/public/index.php on line 13
[26-Dec-2024 14:59:22 UTC] PHP Fatal error:  Uncaught Error: Failed opening required '/home/bankkalsel/staging.bankkalsel.web.id/backend/public/../vendor/autoload.php' (include_path='.:/opt/cpanel/ea-php83/root/usr/share/pear') in /home/bankkalsel/staging.bankkalsel.web.id/backend/public/index.php:13
Stack trace:
#0 {main}
  thrown in /home/bankkalsel/staging.bankkalsel.web.id/backend/public/index.php on line 13
[26-Dec-2024 14:59:22 UTC] PHP Fatal error:  Uncaught Error: Failed opening required '/home/bankkalsel/staging.bankkalsel.web.id/backend/public/../vendor/autoload.php' (include_path='.:/opt/cpanel/ea-php83/root/usr/share/pear') in /home/bankkalsel/staging.bankkalsel.web.id/backend/public/index.php:13
Stack trace:
#0 {main}
  thrown in /home/bankkalsel/staging.bankkalsel.web.id/backend/public/index.php on line 13
[26-Dec-2024 14:59:24 UTC] PHP Warning:  require(/home/bankkalsel/staging.bankkalsel.web.id/backend/public/../vendor/autoload.php): Failed to open stream: No such file or directory in /home/bankkalsel/staging.bankkalsel.web.id/backend/public/index.php on line 13
[26-Dec-2024 14:59:24 UTC] PHP Fatal error:  Uncaught Error: Failed opening required '/home/bankkalsel/staging.bankkalsel.web.id/backend/public/../vendor/autoload.php' (include_path='.:/opt/cpanel/ea-php83/root/usr/share/pear') in /home/bankkalsel/staging.bankkalsel.web.id/backend/public/index.php:13
Stack trace:
#0 {main}
  thrown in /home/bankkalsel/staging.bankkalsel.web.id/backend/public/index.php on line 13
[26-Dec-2024 14:59:31 UTC] PHP Warning:  require(/home/bankkalsel/staging.bankkalsel.web.id/backend/public/../vendor/autoload.php): Failed to open stream: No such file or directory in /home/bankkalsel/staging.bankkalsel.web.id/backend/public/index.php on line 13
[26-Dec-2024 14:59:31 UTC] PHP Fatal error:  Uncaught Error: Failed opening required '/home/bankkalsel/staging.bankkalsel.web.id/backend/public/../vendor/autoload.php' (include_path='.:/opt/cpanel/ea-php83/root/usr/share/pear') in /home/bankkalsel/staging.bankkalsel.web.id/backend/public/index.php:13
Stack trace:
#0 {main}
  thrown in /home/bankkalsel/staging.bankkalsel.web.id/backend/public/index.php on line 13
[07-Jan-2025 00:07:08 UTC] PHP Fatal error:  Uncaught ReflectionException: Class "config" does not exist in /home/bankkalsel/staging.bankkalsel.web.id/backend/vendor/laravel/framework/src/Illuminate/Container/Container.php:944
Stack trace:
#0 /home/bankkalsel/staging.bankkalsel.web.id/backend/vendor/laravel/framework/src/Illuminate/Container/Container.php(944): ReflectionClass->__construct('config')
#1 /home/bankkalsel/staging.bankkalsel.web.id/backend/vendor/laravel/framework/src/Illuminate/Container/Container.php(819): Illuminate\Container\Container->build('config')
#2 /home/bankkalsel/staging.bankkalsel.web.id/backend/vendor/laravel/framework/src/Illuminate/Foundation/Application.php(1048): Illuminate\Container\Container->resolve('config', Array, true)
#3 /home/bankkalsel/staging.bankkalsel.web.id/backend/vendor/laravel/framework/src/Illuminate/Container/Container.php(755): Illuminate\Foundation\Application->resolve('config', Array)
#4 /home/bankkalsel/staging.bankkalsel.web.id/backend/vendor/laravel/framework/src/Illuminate/Foundation/Application.php(1030): Illuminate\Container\Container->make('config', Array)
#5 /home/bankkalsel/staging.bankkalsel.web.id/backend/vendor/laravel/framework/src/Illuminate/Container/Container.php(1565): Illuminate\Foundation\Application->make('config')
#6 /home/bankkalsel/staging.bankkalsel.web.id/backend/vendor/laravel/framework/src/Illuminate/Log/LogManager.php(580): Illuminate\Container\Container->offsetGet('config')
#7 /home/bankkalsel/staging.bankkalsel.web.id/backend/vendor/laravel/framework/src/Illuminate/Log/LogManager.php(631): Illuminate\Log\LogManager->getDefaultDriver()
#8 /home/bankkalsel/staging.bankkalsel.web.id/backend/vendor/laravel/framework/src/Illuminate/Log/LogManager.php(126): Illuminate\Log\LogManager->parseDriver(NULL)
#9 /home/bankkalsel/staging.bankkalsel.web.id/backend/vendor/laravel/framework/src/Illuminate/Log/LogManager.php(701): Illuminate\Log\LogManager->driver()
#10 /home/bankkalsel/staging.bankkalsel.web.id/backend/vendor/laravel/framework/src/Illuminate/Foundation/Exceptions/Handler.php(380): Illuminate\Log\LogManager->error('Call to undefin...', Array)
#11 /home/bankkalsel/staging.bankkalsel.web.id/backend/vendor/laravel/framework/src/Illuminate/Foundation/Exceptions/Handler.php(343): Illuminate\Foundation\Exceptions\Handler->reportThrowable(Object(Error))
#12 /home/bankkalsel/staging.bankkalsel.web.id/backend/vendor/laravel/framework/src/Illuminate/Foundation/Http/Kernel.php(563): Illuminate\Foundation\Exceptions\Handler->report(Object(Error))
#13 /home/bankkalsel/staging.bankkalsel.web.id/backend/vendor/laravel/framework/src/Illuminate/Foundation/Http/Kernel.php(147): Illuminate\Foundation\Http\Kernel->reportException(Object(Error))
#14 /home/bankkalsel/staging.bankkalsel.web.id/backend/vendor/laravel/framework/src/Illuminate/Foundation/Application.php(1190): Illuminate\Foundation\Http\Kernel->handle(Object(Illuminate\Http\Request))
#15 /home/bankkalsel/staging.bankkalsel.web.id/backend/public/index.php(17): Illuminate\Foundation\Application->handleRequest(Object(Illuminate\Http\Request))
#16 {main}

Next Illuminate\Contracts\Container\BindingResolutionException: Target class [config] does not exist. in /home/bankkalsel/staging.bankkalsel.web.id/backend/vendor/laravel/framework/src/Illuminate/Container/Container.php:946
Stack trace:
#0 /home/bankkalsel/staging.bankkalsel.web.id/backend/vendor/laravel/framework/src/Illuminate/Container/Container.php(819): Illuminate\Container\Container->build('config')
#1 /home/bankkalsel/staging.bankkalsel.web.id/backend/vendor/laravel/framework/src/Illuminate/Foundation/Application.php(1048): Illuminate\Container\Container->resolve('config', Array, true)
#2 /home/bankkalsel/staging.bankkalsel.web.id/backend/vendor/laravel/framework/src/Illuminate/Container/Container.php(755): Illuminate\Foundation\Application->resolve('config', Array)
#3 /home/bankkalsel/staging.bankkalsel.web.id/backend/vendor/laravel/framework/src/Illuminate/Foundation/Application.php(1030): Illuminate\Container\Container->make('config', Array)
#4 /home/bankkalsel/staging.bankkalsel.web.id/backend/vendor/laravel/framework/src/Illuminate/Container/Container.php(1565): Illuminate\Foundation\Application->make('config')
#5 /home/bankkalsel/staging.bankkalsel.web.id/backend/vendor/laravel/framework/src/Illuminate/Log/LogManager.php(580): Illuminate\Container\Container->offsetGet('config')
#6 /home/bankkalsel/staging.bankkalsel.web.id/backend/vendor/laravel/framework/src/Illuminate/Log/LogManager.php(631): Illuminate\Log\LogManager->getDefaultDriver()
#7 /home/bankkalsel/staging.bankkalsel.web.id/backend/vendor/laravel/framework/src/Illuminate/Log/LogManager.php(126): Illuminate\Log\LogManager->parseDriver(NULL)
#8 /home/bankkalsel/staging.bankkalsel.web.id/backend/vendor/laravel/framework/src/Illuminate/Log/LogManager.php(701): Illuminate\Log\LogManager->driver()
#9 /home/bankkalsel/staging.bankkalsel.web.id/backend/vendor/laravel/framework/src/Illuminate/Foundation/Exceptions/Handler.php(380): Illuminate\Log\LogManager->error('Call to undefin...', Array)
#10 /home/bankkalsel/staging.bankkalsel.web.id/backend/vendor/laravel/framework/src/Illuminate/Foundation/Exceptions/Handler.php(343): Illuminate\Foundation\Exceptions\Handler->reportThrowable(Object(Error))
#11 /home/bankkalsel/staging.bankkalsel.web.id/backend/vendor/laravel/framework/src/Illuminate/Foundation/Http/Kernel.php(563): Illuminate\Foundation\Exceptions\Handler->report(Object(Error))
#12 /home/bankkalsel/staging.bankkalsel.web.id/backend/vendor/laravel/framework/src/Illuminate/Foundation/Http/Kernel.php(147): Illuminate\Foundation\Http\Kernel->reportException(Object(Error))
#13 /home/bankkalsel/staging.bankkalsel.web.id/backend/vendor/laravel/framework/src/Illuminate/Foundation/Application.php(1190): Illuminate\Foundation\Http\Kernel->handle(Object(Illuminate\Http\Request))
#14 /home/bankkalsel/staging.bankkalsel.web.id/backend/public/index.php(17): Illuminate\Foundation\Application->handleRequest(Object(Illuminate\Http\Request))
#15 {main}
  thrown in /home/bankkalsel/staging.bankkalsel.web.id/backend/vendor/laravel/framework/src/Illuminate/Container/Container.php on line 946
